SWEgutenbergPRJ/app/build/intermediates/manifest_merge_blame_file/debug/manifest-merger-blame-debug-report.txt
1<?xml version="1.0" encoding="utf-8"?>
2<manifest xmlns:android="http://schemas.android.com/apk/res/android"
3    package="com.muzaffer.swegutenbergprj"
4    android:versionCode="1"
5    android:versionName="1.0" >
6
7    <uses-sdk
8        android:minSdkVersion="21"
8-->src\main\AndroidManifest.xml
9        android:targetSdkVersion="31" />
9-->src\main\AndroidManifest.xml
10
11    <uses-permission android:name="android.permission.INTERNET" />
11-->src\main\AndroidManifest.xml:4:5-67
11-->src\main\AndroidManifest.xml:4:22-64
12    <uses-permission android:name="Android.permission.ACCESS_NETWORK_STATE" />
12-->src\main\AndroidManifest.xml:5:5-79
12-->src\main\AndroidManifest.xml:5:22-76
13    <uses-permission android:name="android.permission.ACCESS_WIFI_STATE" />
13-->src\main\AndroidManifest.xml:6:5-76
13-->src\main\AndroidManifest.xml:6:22-73
14
15    <application
15-->src\main\AndroidManifest.xml:7:5-24:19
16        android:allowBackup="true"
16-->src\main\AndroidManifest.xml:9:9-35
17        android:appComponentFactory="androidx.core.app.CoreComponentFactory"
17-->[androidx.core:core:1.7.0] AndroidManifest.xml:24:18-86
18        android:debuggable="true"
19        android:icon="@drawable/gutenberg_pht"
19-->src\main\AndroidManifest.xml:10:9-47
20        android:label="@string/app_name"
20-->src\main\AndroidManifest.xml:11:9-41
21        android:roundIcon="@drawable/gutenberg_pht"
21-->src\main\AndroidManifest.xml:12:9-52
22        android:supportsRtl="true"
22-->src\main\AndroidManifest.xml:13:9-35
23        android:theme="@style/Theme.SWEgutenbergPRJ"
23-->src\main\AndroidManifest.xml:14:9-53
24        android:usesCleartextTraffic="true" >
24-->src\main\AndroidManifest.xml:8:9-44
25        <activity
25-->src\main\AndroidManifest.xml:15:9-23:20
26            android:name="com.muzaffer.swegutenbergprj.MainActivity"
26-->src\main\AndroidManifest.xml:16:13-41
27            android:exported="true" >
27-->src\main\AndroidManifest.xml:17:13-36
28            <intent-filter>
28-->src\main\AndroidManifest.xml:18:13-22:29
29                <action android:name="android.intent.action.MAIN" />
29-->src\main\AndroidManifest.xml:19:17-69
29-->src\main\AndroidManifest.xml:19:25-66
30
31                <category android:name="android.intent.category.LAUNCHER" />
31-->src\main\AndroidManifest.xml:21:17-77
31-->src\main\AndroidManifest.xml:21:27-74
32            </intent-filter>
33        </activity>
34        <activity
34-->[com.google.firebase:firebase-auth:19.2.0] AndroidManifest.xml:24:9-31:50
35            android:name="com.google.firebase.auth.internal.FederatedSignInActivity"
35-->[com.google.firebase:firebase-auth:19.2.0] AndroidManifest.xml:25:13-85
36            android:excludeFromRecents="true"
36-->[com.google.firebase:firebase-auth:19.2.0] AndroidManifest.xml:26:13-46
37            android:exported="true"
37-->[com.google.firebase:firebase-auth:19.2.0] AndroidManifest.xml:27:13-36
38            android:launchMode="singleTask"
38-->[com.google.firebase:firebase-auth:19.2.0] AndroidManifest.xml:28:13-44
39            android:permission="com.google.firebase.auth.api.gms.permission.LAUNCH_FEDERATED_SIGN_IN"
39-->[com.google.firebase:firebase-auth:19.2.0] AndroidManifest.xml:29:13-102
40            android:theme="@android:style/Theme.Translucent.NoTitleBar" />
40-->[com.google.firebase:firebase-auth:19.2.0] AndroidManifest.xml:30:13-72
41
42        <service
42-->[com.google.firebase:firebase-auth:19.2.0] AndroidManifest.xml:33:9-39:19
43            android:name="com.google.firebase.components.ComponentDiscoveryService"
43-->[com.google.firebase:firebase-auth:19.2.0] AndroidManifest.xml:34:13-84
44            android:directBootAware="true"
44-->[com.google.firebase:firebase-common:19.3.0] AndroidManifest.xml:34:13-43
45            android:exported="false" >
45-->[com.google.firebase:firebase-auth:19.2.0] AndroidManifest.xml:35:13-37
46            <meta-data
46-->[com.google.firebase:firebase-auth:19.2.0] AndroidManifest.xml:36:13-38:85
47                android:name="com.google.firebase.components:com.google.firebase.auth.FirebaseAuthRegistrar"
47-->[com.google.firebase:firebase-auth:19.2.0] AndroidManifest.xml:37:17-109
48                android:value="com.google.firebase.components.ComponentRegistrar" />
48-->[com.google.firebase:firebase-auth:19.2.0] AndroidManifest.xml:38:17-82
49        </service>
50
51        <provider
51-->[com.squareup.picasso:picasso:2.71828] AndroidManifest.xml:8:9-11:40
52            android:name="com.squareup.picasso.PicassoProvider"
52-->[com.squareup.picasso:picasso:2.71828] AndroidManifest.xml:9:13-64
53            android:authorities="com.muzaffer.swegutenbergprj.com.squareup.picasso"
53-->[com.squareup.picasso:picasso:2.71828] AndroidManifest.xml:10:13-72
54            android:exported="false" />
54-->[com.squareup.picasso:picasso:2.71828] AndroidManifest.xml:11:13-37
55
56        <activity
56-->[com.google.android.gms:play-services-base:17.1.0] AndroidManifest.xml:23:9-26:75
57            android:name="com.google.android.gms.common.api.GoogleApiActivity"
57-->[com.google.android.gms:play-services-base:17.1.0] AndroidManifest.xml:24:13-79
58            android:exported="false"
58-->[com.google.android.gms:play-services-base:17.1.0] AndroidManifest.xml:25:13-37
59            android:theme="@android:style/Theme.Translucent.NoTitleBar" />
59-->[com.google.android.gms:play-services-base:17.1.0] AndroidManifest.xml:26:13-72
60
61        <provider
61-->[com.google.firebase:firebase-common:19.3.0] AndroidManifest.xml:26:9-30:39
62            android:name="com.google.firebase.provider.FirebaseInitProvider"
62-->[com.google.firebase:firebase-common:19.3.0] AndroidManifest.xml:27:13-77
63            android:authorities="com.muzaffer.swegutenbergprj.firebaseinitprovider"
63-->[com.google.firebase:firebase-common:19.3.0] AndroidManifest.xml:28:13-72
64            android:exported="false"
64-->[com.google.firebase:firebase-common:19.3.0] AndroidManifest.xml:29:13-37
65            android:initOrder="100" />
65-->[com.google.firebase:firebase-common:19.3.0] AndroidManifest.xml:30:13-36
66
67        <meta-data
67-->[com.google.android.gms:play-services-basement:17.0.0] AndroidManifest.xml:23:9-25:69
68            android:name="com.google.android.gms.version"
68-->[com.google.android.gms:play-services-basement:17.0.0] AndroidManifest.xml:24:13-58
69            android:value="@integer/google_play_services_version" />
69-->[com.google.android.gms:play-services-basement:17.0.0] AndroidManifest.xml:25:13-66
70
71        <provider
71-->[androidx.emoji2:emoji2:1.0.0] AndroidManifest.xml:26:9-34:20
72            android:name="androidx.startup.InitializationProvider"
72-->[androidx.emoji2:emoji2:1.0.0] AndroidManifest.xml:27:13-67
73            android:authorities="com.muzaffer.swegutenbergprj.androidx-startup"
73-->[androidx.emoji2:emoji2:1.0.0] AndroidManifest.xml:28:13-68
74            android:exported="false" >
74-->[androidx.emoji2:emoji2:1.0.0] AndroidManifest.xml:29:13-37
75            <meta-data
75-->[androidx.emoji2:emoji2:1.0.0] AndroidManifest.xml:31:13-33:52
76                android:name="androidx.emoji2.text.EmojiCompatInitializer"
76-->[androidx.emoji2:emoji2:1.0.0] AndroidManifest.xml:32:17-75
77                android:value="androidx.startup" />
77-->[androidx.emoji2:emoji2:1.0.0] AndroidManifest.xml:33:17-49
78            <meta-data
78-->[androidx.lifecycle:lifecycle-process:2.4.0] AndroidManifest.xml:31:13-33:52
79                android:name="androidx.lifecycle.ProcessLifecycleInitializer"
79-->[androidx.lifecycle:lifecycle-process:2.4.0] AndroidManifest.xml:32:17-78
80                android:value="androidx.startup" />
80-->[androidx.lifecycle:lifecycle-process:2.4.0] AndroidManifest.xml:33:17-49
81        </provider>
82    </application>
83
84</manifest>